-------------------------------------------------------------------------------
Test set: tests.Class1Test
-------------------------------------------------------------------------------
Tests run: 2, Failures: 1, Errors: 0, Skipped: 0, Time elapsed: 0.081 sec <<< FAILURE!
tests.Class1Test.testSubs()  Time elapsed: 0.08 sec  <<< FAILURE!
org.opentest4j.AssertionFailedError: Calculation is not correct ==> expected: <5.0> but was: <2.3000000000000007>
	at org.junit.jupiter.api.AssertionUtils.fail(AssertionUtils.java:55)
	at org.junit.jupiter.api.AssertionUtils.failNotEqual(AssertionUtils.java:62)
	at org.junit.jupiter.api.AssertEquals.assertEquals(AssertEquals.java:70)
	at org.junit.jupiter.api.Assertions.assertEquals(Assertions.java:925)
	at tests.Class1Test.testSubs(Class1Test.java:18)

