<?xml version="1.0" encoding="UTF-8" ?>
<testsuite tests="2" failures="1" name="tests.Class1Test" time="0.08" errors="0" skipped="0">
  <properties>
[...]
</properties>
  <testcase classname="tests.Class1Test" name="tests.Class1Test.testSubs" time="0.08">
    <failure message="Calculation is not correct ==&gt; expected: &lt;5.0&gt; but was: &lt;2.3000000000000007&gt;" type="org.opentest4j.AssertionFailedError">org.opentest4j.AssertionFailedError: Calculation is not correct ==&gt; expected: &lt;5.0&gt; but was: &lt;2.3000000000000007&gt;
	at org.junit.jupiter.api.AssertionUtils.fail(AssertionUtils.java:55)
	at org.junit.jupiter.api.AssertionUtils.failNotEqual(AssertionUtils.java:62)
	at org.junit.jupiter.api.AssertEquals.assertEquals(AssertEquals.java:70)
	at org.junit.jupiter.api.Assertions.assertEquals(Assertions.java:925)
	at tests.Class1Test.testSubs(Class1Test.java:18)
</failure>
  </testcase>
  <testcase classname="tests.Class1Test" name="tests.Class1Test.testAddition" time="0"/>
</testsuite>